rake aborted!
ActiveRecord::NoDatabaseError: FATAL:  role "SFTourist" does not exist
/usr/local/lib/ruby/gems/2.3.0/gems/activerecord-4.2.5/lib/active_record/connection_adapters/postgresql_adapter.rb:661:in `rescue in connect'
/usr/local/lib/ruby/gems/2.3.0/gems/activerecord-4.2.5/lib/active_record/connection_adapters/postgresql_adapter.rb:651:in `connect'
/usr/local/lib/ruby/gems/2.3.0/gems/activerecord-4.2.5/lib/active_record/connection_adapters/postgresql_adapter.rb:242:in `initialize'
/usr/local/lib/ruby/gems/2.3.0/gems/activerecord-4.2.5/lib/active_record/connection_adapters/postgresql_adapter.rb:44:in `new'
/usr/local/lib/ruby/gems/2.3.0/gems/activerecord-4.2.5/lib/active_record/connection_adapters/postgresql_adapter.rb:44:in `postgresql_connection'
/usr/local/lib/ruby/gems/2.3.0/gems/activerecord-4.2.5/lib/active_record/connection_adapters/abstract/connection_pool.rb:438:in `new_connection'
/usr/local/lib/ruby/gems/2.3.0/gems/activerecord-4.2.5/lib/active_record/connection_adapters/abstract/connection_pool.rb:448:in `checkout_new_connection'
/usr/local/lib/ruby/gems/2.3.0/gems/activerecord-4.2.5/lib/active_record/connection_adapters/abstract/connection_pool.rb:422:in `acquire_connection'
/usr/local/lib/ruby/gems/2.3.0/gems/activerecord-4.2.5/lib/active_record/connection_adapters/abstract/connection_pool.rb:349:in `block in checkout'
/usr/local/lib/ruby/gems/2.3.0/gems/activerecord-4.2.5/lib/active_record/connection_adapters/abstract/connection_pool.rb:348:in `checkout'
/usr/local/lib/ruby/gems/2.3.0/gems/activerecord-4.2.5/lib/active_record/connection_adapters/abstract/connection_pool.rb:263:in `block in connection'
/usr/local/lib/ruby/gems/2.3.0/gems/activerecord-4.2.5/lib/active_record/connection_adapters/abstract/connection_pool.rb:262:in `connection'
/usr/local/lib/ruby/gems/2.3.0/gems/activerecord-4.2.5/lib/active_record/connection_adapters/abstract/connection_pool.rb:571:in `retrieve_connection'
/usr/local/lib/ruby/gems/2.3.0/gems/activerecord-4.2.5/lib/active_record/connection_handling.rb:113:in `retrieve_connection'
/usr/local/lib/ruby/gems/2.3.0/gems/activerecord-4.2.5/lib/active_record/connection_handling.rb:87:in `connection'
/usr/local/lib/ruby/gems/2.3.0/gems/activerecord-4.2.5/lib/active_record/attributes.rb:93:in `columns'
/usr/local/lib/ruby/gems/2.3.0/gems/activerecord-4.2.5/lib/active_record/attributes.rb:98:in `columns_hash'
/usr/local/lib/ruby/gems/2.3.0/gems/activerecord-4.2.5/lib/active_record/core.rb:173:in `block in find_by'
/usr/local/lib/ruby/gems/2.3.0/gems/activerecord-4.2.5/lib/active_record/core.rb:173:in `each'
/usr/local/lib/ruby/gems/2.3.0/gems/activerecord-4.2.5/lib/active_record/core.rb:173:in `all?'
/usr/local/lib/ruby/gems/2.3.0/gems/activerecord-4.2.5/lib/active_record/core.rb:173:in `find_by'
/Users/Juxtaposeidon/Desktop/SFTourist/SFTourist/lib/tasks/update.rake:8:in `block (2 levels) in <top (required)>'
/Users/Juxtaposeidon/Desktop/SFTourist/SFTourist/lib/tasks/update.rake:7:in `each'
/Users/Juxtaposeidon/Desktop/SFTourist/SFTourist/lib/tasks/update.rake:7:in `block in <top (required)>'
PG::ConnectionBad: FATAL:  role "SFTourist" does not exist
/usr/local/lib/ruby/gems/2.3.0/gems/activerecord-4.2.5/lib/active_record/connection_adapters/postgresql_adapter.rb:651:in `initialize'
/usr/local/lib/ruby/gems/2.3.0/gems/activerecord-4.2.5/lib/active_record/connection_adapters/postgresql_adapter.rb:651:in `new'
/usr/local/lib/ruby/gems/2.3.0/gems/activerecord-4.2.5/lib/active_record/connection_adapters/postgresql_adapter.rb:651:in `connect'
/usr/local/lib/ruby/gems/2.3.0/gems/activerecord-4.2.5/lib/active_record/connection_adapters/postgresql_adapter.rb:242:in `initialize'
/usr/local/lib/ruby/gems/2.3.0/gems/activerecord-4.2.5/lib/active_record/connection_adapters/postgresql_adapter.rb:44:in `new'
/usr/local/lib/ruby/gems/2.3.0/gems/activerecord-4.2.5/lib/active_record/connection_adapters/postgresql_adapter.rb:44:in `postgresql_connection'
/usr/local/lib/ruby/gems/2.3.0/gems/activerecord-4.2.5/lib/active_record/connection_adapters/abstract/connection_pool.rb:438:in `new_connection'
/usr/local/lib/ruby/gems/2.3.0/gems/activerecord-4.2.5/lib/active_record/connection_adapters/abstract/connection_pool.rb:448:in `checkout_new_connection'
/usr/local/lib/ruby/gems/2.3.0/gems/activerecord-4.2.5/lib/active_record/connection_adapters/abstract/connection_pool.rb:422:in `acquire_connection'
/usr/local/lib/ruby/gems/2.3.0/gems/activerecord-4.2.5/lib/active_record/connection_adapters/abstract/connection_pool.rb:349:in `block in checkout'
/usr/local/lib/ruby/gems/2.3.0/gems/activerecord-4.2.5/lib/active_record/connection_adapters/abstract/connection_pool.rb:348:in `checkout'
/usr/local/lib/ruby/gems/2.3.0/gems/activerecord-4.2.5/lib/active_record/connection_adapters/abstract/connection_pool.rb:263:in `block in connection'
/usr/local/lib/ruby/gems/2.3.0/gems/activerecord-4.2.5/lib/active_record/connection_adapters/abstract/connection_pool.rb:262:in `connection'
/usr/local/lib/ruby/gems/2.3.0/gems/activerecord-4.2.5/lib/active_record/connection_adapters/abstract/connection_pool.rb:571:in `retrieve_connection'
/usr/local/lib/ruby/gems/2.3.0/gems/activerecord-4.2.5/lib/active_record/connection_handling.rb:113:in `retrieve_connection'
/usr/local/lib/ruby/gems/2.3.0/gems/activerecord-4.2.5/lib/active_record/connection_handling.rb:87:in `connection'
/usr/local/lib/ruby/gems/2.3.0/gems/activerecord-4.2.5/lib/active_record/attributes.rb:93:in `columns'
/usr/local/lib/ruby/gems/2.3.0/gems/activerecord-4.2.5/lib/active_record/attributes.rb:98:in `columns_hash'
/usr/local/lib/ruby/gems/2.3.0/gems/activerecord-4.2.5/lib/active_record/core.rb:173:in `block in find_by'
/usr/local/lib/ruby/gems/2.3.0/gems/activerecord-4.2.5/lib/active_record/core.rb:173:in `each'
/usr/local/lib/ruby/gems/2.3.0/gems/activerecord-4.2.5/lib/active_record/core.rb:173:in `all?'
/usr/local/lib/ruby/gems/2.3.0/gems/activerecord-4.2.5/lib/active_record/core.rb:173:in `find_by'
/Users/Juxtaposeidon/Desktop/SFTourist/SFTourist/lib/tasks/update.rake:8:in `block (2 levels) in <top (required)>'
/Users/Juxtaposeidon/Desktop/SFTourist/SFTourist/lib/tasks/update.rake:7:in `each'
/Users/Juxtaposeidon/Desktop/SFTourist/SFTourist/lib/tasks/update.rake:7:in `block in <top (required)>'
Tasks: TOP => update
(See full trace by running task with --trace)
rake aborted!
ActiveRecord::NoDatabaseError: FATAL:  role "SFTourist" does not exist
/usr/local/lib/ruby/gems/2.3.0/gems/activerecord-4.2.5/lib/active_record/connection_adapters/postgresql_adapter.rb:661:in `rescue in connect'
/usr/local/lib/ruby/gems/2.3.0/gems/activerecord-4.2.5/lib/active_record/connection_adapters/postgresql_adapter.rb:651:in `connect'
/usr/local/lib/ruby/gems/2.3.0/gems/activerecord-4.2.5/lib/active_record/connection_adapters/postgresql_adapter.rb:242:in `initialize'
/usr/local/lib/ruby/gems/2.3.0/gems/activerecord-4.2.5/lib/active_record/connection_adapters/postgresql_adapter.rb:44:in `new'
/usr/local/lib/ruby/gems/2.3.0/gems/activerecord-4.2.5/lib/active_record/connection_adapters/postgresql_adapter.rb:44:in `postgresql_connection'
/usr/local/lib/ruby/gems/2.3.0/gems/activerecord-4.2.5/lib/active_record/connection_adapters/abstract/connection_pool.rb:438:in `new_connection'
/usr/local/lib/ruby/gems/2.3.0/gems/activerecord-4.2.5/lib/active_record/connection_adapters/abstract/connection_pool.rb:448:in `checkout_new_connection'
/usr/local/lib/ruby/gems/2.3.0/gems/activerecord-4.2.5/lib/active_record/connection_adapters/abstract/connection_pool.rb:422:in `acquire_connection'
/usr/local/lib/ruby/gems/2.3.0/gems/activerecord-4.2.5/lib/active_record/connection_adapters/abstract/connection_pool.rb:349:in `block in checkout'
/usr/local/lib/ruby/gems/2.3.0/gems/activerecord-4.2.5/lib/active_record/connection_adapters/abstract/connection_pool.rb:348:in `checkout'
/usr/local/lib/ruby/gems/2.3.0/gems/activerecord-4.2.5/lib/active_record/connection_adapters/abstract/connection_pool.rb:263:in `block in connection'
/usr/local/lib/ruby/gems/2.3.0/gems/activerecord-4.2.5/lib/active_record/connection_adapters/abstract/connection_pool.rb:262:in `connection'
/usr/local/lib/ruby/gems/2.3.0/gems/activerecord-4.2.5/lib/active_record/connection_adapters/abstract/connection_pool.rb:571:in `retrieve_connection'
/usr/local/lib/ruby/gems/2.3.0/gems/activerecord-4.2.5/lib/active_record/connection_handling.rb:113:in `retrieve_connection'
/usr/local/lib/ruby/gems/2.3.0/gems/activerecord-4.2.5/lib/active_record/connection_handling.rb:87:in `connection'
/usr/local/lib/ruby/gems/2.3.0/gems/activerecord-4.2.5/lib/active_record/attributes.rb:93:in `columns'
/usr/local/lib/ruby/gems/2.3.0/gems/activerecord-4.2.5/lib/active_record/attributes.rb:98:in `columns_hash'
/usr/local/lib/ruby/gems/2.3.0/gems/activerecord-4.2.5/lib/active_record/core.rb:173:in `block in find_by'
/usr/local/lib/ruby/gems/2.3.0/gems/activerecord-4.2.5/lib/active_record/core.rb:173:in `each'
/usr/local/lib/ruby/gems/2.3.0/gems/activerecord-4.2.5/lib/active_record/core.rb:173:in `all?'
/usr/local/lib/ruby/gems/2.3.0/gems/activerecord-4.2.5/lib/active_record/core.rb:173:in `find_by'
/Users/Juxtaposeidon/Desktop/SFTourist/SFTourist/lib/tasks/update.rake:8:in `block (2 levels) in <top (required)>'
/Users/Juxtaposeidon/Desktop/SFTourist/SFTourist/lib/tasks/update.rake:7:in `each'
/Users/Juxtaposeidon/Desktop/SFTourist/SFTourist/lib/tasks/update.rake:7:in `block in <top (required)>'
PG::ConnectionBad: FATAL:  role "SFTourist" does not exist
/usr/local/lib/ruby/gems/2.3.0/gems/activerecord-4.2.5/lib/active_record/connection_adapters/postgresql_adapter.rb:651:in `initialize'
/usr/local/lib/ruby/gems/2.3.0/gems/activerecord-4.2.5/lib/active_record/connection_adapters/postgresql_adapter.rb:651:in `new'
/usr/local/lib/ruby/gems/2.3.0/gems/activerecord-4.2.5/lib/active_record/connection_adapters/postgresql_adapter.rb:651:in `connect'
/usr/local/lib/ruby/gems/2.3.0/gems/activerecord-4.2.5/lib/active_record/connection_adapters/postgresql_adapter.rb:242:in `initialize'
/usr/local/lib/ruby/gems/2.3.0/gems/activerecord-4.2.5/lib/active_record/connection_adapters/postgresql_adapter.rb:44:in `new'
/usr/local/lib/ruby/gems/2.3.0/gems/activerecord-4.2.5/lib/active_record/connection_adapters/postgresql_adapter.rb:44:in `postgresql_connection'
/usr/local/lib/ruby/gems/2.3.0/gems/activerecord-4.2.5/lib/active_record/connection_adapters/abstract/connection_pool.rb:438:in `new_connection'
/usr/local/lib/ruby/gems/2.3.0/gems/activerecord-4.2.5/lib/active_record/connection_adapters/abstract/connection_pool.rb:448:in `checkout_new_connection'
/usr/local/lib/ruby/gems/2.3.0/gems/activerecord-4.2.5/lib/active_record/connection_adapters/abstract/connection_pool.rb:422:in `acquire_connection'
/usr/local/lib/ruby/gems/2.3.0/gems/activerecord-4.2.5/lib/active_record/connection_adapters/abstract/connection_pool.rb:349:in `block in checkout'
/usr/local/lib/ruby/gems/2.3.0/gems/activerecord-4.2.5/lib/active_record/connection_adapters/abstract/connection_pool.rb:348:in `checkout'
/usr/local/lib/ruby/gems/2.3.0/gems/activerecord-4.2.5/lib/active_record/connection_adapters/abstract/connection_pool.rb:263:in `block in connection'
/usr/local/lib/ruby/gems/2.3.0/gems/activerecord-4.2.5/lib/active_record/connection_adapters/abstract/connection_pool.rb:262:in `connection'
/usr/local/lib/ruby/gems/2.3.0/gems/activerecord-4.2.5/lib/active_record/connection_adapters/abstract/connection_pool.rb:571:in `retrieve_connection'
/usr/local/lib/ruby/gems/2.3.0/gems/activerecord-4.2.5/lib/active_record/connection_handling.rb:113:in `retrieve_connection'
/usr/local/lib/ruby/gems/2.3.0/gems/activerecord-4.2.5/lib/active_record/connection_handling.rb:87:in `connection'
/usr/local/lib/ruby/gems/2.3.0/gems/activerecord-4.2.5/lib/active_record/attributes.rb:93:in `columns'
/usr/local/lib/ruby/gems/2.3.0/gems/activerecord-4.2.5/lib/active_record/attributes.rb:98:in `columns_hash'
/usr/local/lib/ruby/gems/2.3.0/gems/activerecord-4.2.5/lib/active_record/core.rb:173:in `block in find_by'
/usr/local/lib/ruby/gems/2.3.0/gems/activerecord-4.2.5/lib/active_record/core.rb:173:in `each'
/usr/local/lib/ruby/gems/2.3.0/gems/activerecord-4.2.5/lib/active_record/core.rb:173:in `all?'
/usr/local/lib/ruby/gems/2.3.0/gems/activerecord-4.2.5/lib/active_record/core.rb:173:in `find_by'
/Users/Juxtaposeidon/Desktop/SFTourist/SFTourist/lib/tasks/update.rake:8:in `block (2 levels) in <top (required)>'
/Users/Juxtaposeidon/Desktop/SFTourist/SFTourist/lib/tasks/update.rake:7:in `each'
/Users/Juxtaposeidon/Desktop/SFTourist/SFTourist/lib/tasks/update.rake:7:in `block in <top (required)>'
Tasks: TOP => update
(See full trace by running task with --trace)
rake aborted!
ActiveRecord::NoDatabaseError: FATAL:  role "SFTourist" does not exist
/usr/local/lib/ruby/gems/2.3.0/gems/activerecord-4.2.5/lib/active_record/connection_adapters/postgresql_adapter.rb:661:in `rescue in connect'
/usr/local/lib/ruby/gems/2.3.0/gems/activerecord-4.2.5/lib/active_record/connection_adapters/postgresql_adapter.rb:651:in `connect'
/usr/local/lib/ruby/gems/2.3.0/gems/activerecord-4.2.5/lib/active_record/connection_adapters/postgresql_adapter.rb:242:in `initialize'
/usr/local/lib/ruby/gems/2.3.0/gems/activerecord-4.2.5/lib/active_record/connection_adapters/postgresql_adapter.rb:44:in `new'
/usr/local/lib/ruby/gems/2.3.0/gems/activerecord-4.2.5/lib/active_record/connection_adapters/postgresql_adapter.rb:44:in `postgresql_connection'
/usr/local/lib/ruby/gems/2.3.0/gems/activerecord-4.2.5/lib/active_record/connection_adapters/abstract/connection_pool.rb:438:in `new_connection'
/usr/local/lib/ruby/gems/2.3.0/gems/activerecord-4.2.5/lib/active_record/connection_adapters/abstract/connection_pool.rb:448:in `checkout_new_connection'
/usr/local/lib/ruby/gems/2.3.0/gems/activerecord-4.2.5/lib/active_record/connection_adapters/abstract/connection_pool.rb:422:in `acquire_connection'
/usr/local/lib/ruby/gems/2.3.0/gems/activerecord-4.2.5/lib/active_record/connection_adapters/abstract/connection_pool.rb:349:in `block in checkout'
/usr/local/lib/ruby/gems/2.3.0/gems/activerecord-4.2.5/lib/active_record/connection_adapters/abstract/connection_pool.rb:348:in `checkout'
/usr/local/lib/ruby/gems/2.3.0/gems/activerecord-4.2.5/lib/active_record/connection_adapters/abstract/connection_pool.rb:263:in `block in connection'
/usr/local/lib/ruby/gems/2.3.0/gems/activerecord-4.2.5/lib/active_record/connection_adapters/abstract/connection_pool.rb:262:in `connection'
/usr/local/lib/ruby/gems/2.3.0/gems/activerecord-4.2.5/lib/active_record/connection_adapters/abstract/connection_pool.rb:571:in `retrieve_connection'
/usr/local/lib/ruby/gems/2.3.0/gems/activerecord-4.2.5/lib/active_record/connection_handling.rb:113:in `retrieve_connection'
/usr/local/lib/ruby/gems/2.3.0/gems/activerecord-4.2.5/lib/active_record/connection_handling.rb:87:in `connection'
/usr/local/lib/ruby/gems/2.3.0/gems/activerecord-4.2.5/lib/active_record/attributes.rb:93:in `columns'
/usr/local/lib/ruby/gems/2.3.0/gems/activerecord-4.2.5/lib/active_record/attributes.rb:98:in `columns_hash'
/usr/local/lib/ruby/gems/2.3.0/gems/activerecord-4.2.5/lib/active_record/core.rb:173:in `block in find_by'
/usr/local/lib/ruby/gems/2.3.0/gems/activerecord-4.2.5/lib/active_record/core.rb:173:in `each'
/usr/local/lib/ruby/gems/2.3.0/gems/activerecord-4.2.5/lib/active_record/core.rb:173:in `all?'
/usr/local/lib/ruby/gems/2.3.0/gems/activerecord-4.2.5/lib/active_record/core.rb:173:in `find_by'
/Users/Juxtaposeidon/Desktop/SFTourist/SFTourist/lib/tasks/update.rake:8:in `block (2 levels) in <top (required)>'
/Users/Juxtaposeidon/Desktop/SFTourist/SFTourist/lib/tasks/update.rake:7:in `each'
/Users/Juxtaposeidon/Desktop/SFTourist/SFTourist/lib/tasks/update.rake:7:in `block in <top (required)>'
PG::ConnectionBad: FATAL:  role "SFTourist" does not exist
/usr/local/lib/ruby/gems/2.3.0/gems/activerecord-4.2.5/lib/active_record/connection_adapters/postgresql_adapter.rb:651:in `initialize'
/usr/local/lib/ruby/gems/2.3.0/gems/activerecord-4.2.5/lib/active_record/connection_adapters/postgresql_adapter.rb:651:in `new'
/usr/local/lib/ruby/gems/2.3.0/gems/activerecord-4.2.5/lib/active_record/connection_adapters/postgresql_adapter.rb:651:in `connect'
/usr/local/lib/ruby/gems/2.3.0/gems/activerecord-4.2.5/lib/active_record/connection_adapters/postgresql_adapter.rb:242:in `initialize'
/usr/local/lib/ruby/gems/2.3.0/gems/activerecord-4.2.5/lib/active_record/connection_adapters/postgresql_adapter.rb:44:in `new'
/usr/local/lib/ruby/gems/2.3.0/gems/activerecord-4.2.5/lib/active_record/connection_adapters/postgresql_adapter.rb:44:in `postgresql_connection'
/usr/local/lib/ruby/gems/2.3.0/gems/activerecord-4.2.5/lib/active_record/connection_adapters/abstract/connection_pool.rb:438:in `new_connection'
/usr/local/lib/ruby/gems/2.3.0/gems/activerecord-4.2.5/lib/active_record/connection_adapters/abstract/connection_pool.rb:448:in `checkout_new_connection'
/usr/local/lib/ruby/gems/2.3.0/gems/activerecord-4.2.5/lib/active_record/connection_adapters/abstract/connection_pool.rb:422:in `acquire_connection'
/usr/local/lib/ruby/gems/2.3.0/gems/activerecord-4.2.5/lib/active_record/connection_adapters/abstract/connection_pool.rb:349:in `block in checkout'
/usr/local/lib/ruby/gems/2.3.0/gems/activerecord-4.2.5/lib/active_record/connection_adapters/abstract/connection_pool.rb:348:in `checkout'
/usr/local/lib/ruby/gems/2.3.0/gems/activerecord-4.2.5/lib/active_record/connection_adapters/abstract/connection_pool.rb:263:in `block in connection'
/usr/local/lib/ruby/gems/2.3.0/gems/activerecord-4.2.5/lib/active_record/connection_adapters/abstract/connection_pool.rb:262:in `connection'
/usr/local/lib/ruby/gems/2.3.0/gems/activerecord-4.2.5/lib/active_record/connection_adapters/abstract/connection_pool.rb:571:in `retrieve_connection'
/usr/local/lib/ruby/gems/2.3.0/gems/activerecord-4.2.5/lib/active_record/connection_handling.rb:113:in `retrieve_connection'
/usr/local/lib/ruby/gems/2.3.0/gems/activerecord-4.2.5/lib/active_record/connection_handling.rb:87:in `connection'
/usr/local/lib/ruby/gems/2.3.0/gems/activerecord-4.2.5/lib/active_record/attributes.rb:93:in `columns'
/usr/local/lib/ruby/gems/2.3.0/gems/activerecord-4.2.5/lib/active_record/attributes.rb:98:in `columns_hash'
/usr/local/lib/ruby/gems/2.3.0/gems/activerecord-4.2.5/lib/active_record/core.rb:173:in `block in find_by'
/usr/local/lib/ruby/gems/2.3.0/gems/activerecord-4.2.5/lib/active_record/core.rb:173:in `each'
/usr/local/lib/ruby/gems/2.3.0/gems/activerecord-4.2.5/lib/active_record/core.rb:173:in `all?'
/usr/local/lib/ruby/gems/2.3.0/gems/activerecord-4.2.5/lib/active_record/core.rb:173:in `find_by'
/Users/Juxtaposeidon/Desktop/SFTourist/SFTourist/lib/tasks/update.rake:8:in `block (2 levels) in <top (required)>'
/Users/Juxtaposeidon/Desktop/SFTourist/SFTourist/lib/tasks/update.rake:7:in `each'
/Users/Juxtaposeidon/Desktop/SFTourist/SFTourist/lib/tasks/update.rake:7:in `block in <top (required)>'
Tasks: TOP => update
(See full trace by running task with --trace)
rake aborted!
ActiveRecord::NoDatabaseError: FATAL:  role "SFTourist" does not exist
/usr/local/lib/ruby/gems/2.3.0/gems/activerecord-4.2.5/lib/active_record/connection_adapters/postgresql_adapter.rb:661:in `rescue in connect'
/usr/local/lib/ruby/gems/2.3.0/gems/activerecord-4.2.5/lib/active_record/connection_adapters/postgresql_adapter.rb:651:in `connect'
/usr/local/lib/ruby/gems/2.3.0/gems/activerecord-4.2.5/lib/active_record/connection_adapters/postgresql_adapter.rb:242:in `initialize'
/usr/local/lib/ruby/gems/2.3.0/gems/activerecord-4.2.5/lib/active_record/connection_adapters/postgresql_adapter.rb:44:in `new'
/usr/local/lib/ruby/gems/2.3.0/gems/activerecord-4.2.5/lib/active_record/connection_adapters/postgresql_adapter.rb:44:in `postgresql_connection'
/usr/local/lib/ruby/gems/2.3.0/gems/activerecord-4.2.5/lib/active_record/connection_adapters/abstract/connection_pool.rb:438:in `new_connection'
/usr/local/lib/ruby/gems/2.3.0/gems/activerecord-4.2.5/lib/active_record/connection_adapters/abstract/connection_pool.rb:448:in `checkout_new_connection'
/usr/local/lib/ruby/gems/2.3.0/gems/activerecord-4.2.5/lib/active_record/connection_adapters/abstract/connection_pool.rb:422:in `acquire_connection'
/usr/local/lib/ruby/gems/2.3.0/gems/activerecord-4.2.5/lib/active_record/connection_adapters/abstract/connection_pool.rb:349:in `block in checkout'
/usr/local/lib/ruby/gems/2.3.0/gems/activerecord-4.2.5/lib/active_record/connection_adapters/abstract/connection_pool.rb:348:in `checkout'
/usr/local/lib/ruby/gems/2.3.0/gems/activerecord-4.2.5/lib/active_record/connection_adapters/abstract/connection_pool.rb:263:in `block in connection'
/usr/local/lib/ruby/gems/2.3.0/gems/activerecord-4.2.5/lib/active_record/connection_adapters/abstract/connection_pool.rb:262:in `connection'
/usr/local/lib/ruby/gems/2.3.0/gems/activerecord-4.2.5/lib/active_record/connection_adapters/abstract/connection_pool.rb:571:in `retrieve_connection'
/usr/local/lib/ruby/gems/2.3.0/gems/activerecord-4.2.5/lib/active_record/connection_handling.rb:113:in `retrieve_connection'
/usr/local/lib/ruby/gems/2.3.0/gems/activerecord-4.2.5/lib/active_record/connection_handling.rb:87:in `connection'
/usr/local/lib/ruby/gems/2.3.0/gems/activerecord-4.2.5/lib/active_record/attributes.rb:93:in `columns'
/usr/local/lib/ruby/gems/2.3.0/gems/activerecord-4.2.5/lib/active_record/attributes.rb:98:in `columns_hash'
/usr/local/lib/ruby/gems/2.3.0/gems/activerecord-4.2.5/lib/active_record/core.rb:173:in `block in find_by'
/usr/local/lib/ruby/gems/2.3.0/gems/activerecord-4.2.5/lib/active_record/core.rb:173:in `each'
/usr/local/lib/ruby/gems/2.3.0/gems/activerecord-4.2.5/lib/active_record/core.rb:173:in `all?'
/usr/local/lib/ruby/gems/2.3.0/gems/activerecord-4.2.5/lib/active_record/core.rb:173:in `find_by'
/Users/Juxtaposeidon/Desktop/SFTourist/SFTourist/lib/tasks/update.rake:8:in `block (2 levels) in <top (required)>'
/Users/Juxtaposeidon/Desktop/SFTourist/SFTourist/lib/tasks/update.rake:7:in `each'
/Users/Juxtaposeidon/Desktop/SFTourist/SFTourist/lib/tasks/update.rake:7:in `block in <top (required)>'
PG::ConnectionBad: FATAL:  role "SFTourist" does not exist
/usr/local/lib/ruby/gems/2.3.0/gems/activerecord-4.2.5/lib/active_record/connection_adapters/postgresql_adapter.rb:651:in `initialize'
/usr/local/lib/ruby/gems/2.3.0/gems/activerecord-4.2.5/lib/active_record/connection_adapters/postgresql_adapter.rb:651:in `new'
/usr/local/lib/ruby/gems/2.3.0/gems/activerecord-4.2.5/lib/active_record/connection_adapters/postgresql_adapter.rb:651:in `connect'
/usr/local/lib/ruby/gems/2.3.0/gems/activerecord-4.2.5/lib/active_record/connection_adapters/postgresql_adapter.rb:242:in `initialize'
/usr/local/lib/ruby/gems/2.3.0/gems/activerecord-4.2.5/lib/active_record/connection_adapters/postgresql_adapter.rb:44:in `new'
/usr/local/lib/ruby/gems/2.3.0/gems/activerecord-4.2.5/lib/active_record/connection_adapters/postgresql_adapter.rb:44:in `postgresql_connection'
/usr/local/lib/ruby/gems/2.3.0/gems/activerecord-4.2.5/lib/active_record/connection_adapters/abstract/connection_pool.rb:438:in `new_connection'
/usr/local/lib/ruby/gems/2.3.0/gems/activerecord-4.2.5/lib/active_record/connection_adapters/abstract/connection_pool.rb:448:in `checkout_new_connection'
/usr/local/lib/ruby/gems/2.3.0/gems/activerecord-4.2.5/lib/active_record/connection_adapters/abstract/connection_pool.rb:422:in `acquire_connection'
/usr/local/lib/ruby/gems/2.3.0/gems/activerecord-4.2.5/lib/active_record/connection_adapters/abstract/connection_pool.rb:349:in `block in checkout'
/usr/local/lib/ruby/gems/2.3.0/gems/activerecord-4.2.5/lib/active_record/connection_adapters/abstract/connection_pool.rb:348:in `checkout'
/usr/local/lib/ruby/gems/2.3.0/gems/activerecord-4.2.5/lib/active_record/connection_adapters/abstract/connection_pool.rb:263:in `block in connection'
/usr/local/lib/ruby/gems/2.3.0/gems/activerecord-4.2.5/lib/active_record/connection_adapters/abstract/connection_pool.rb:262:in `connection'
/usr/local/lib/ruby/gems/2.3.0/gems/activerecord-4.2.5/lib/active_record/connection_adapters/abstract/connection_pool.rb:571:in `retrieve_connection'
/usr/local/lib/ruby/gems/2.3.0/gems/activerecord-4.2.5/lib/active_record/connection_handling.rb:113:in `retrieve_connection'
/usr/local/lib/ruby/gems/2.3.0/gems/activerecord-4.2.5/lib/active_record/connection_handling.rb:87:in `connection'
/usr/local/lib/ruby/gems/2.3.0/gems/activerecord-4.2.5/lib/active_record/attributes.rb:93:in `columns'
/usr/local/lib/ruby/gems/2.3.0/gems/activerecord-4.2.5/lib/active_record/attributes.rb:98:in `columns_hash'
/usr/local/lib/ruby/gems/2.3.0/gems/activerecord-4.2.5/lib/active_record/core.rb:173:in `block in find_by'
/usr/local/lib/ruby/gems/2.3.0/gems/activerecord-4.2.5/lib/active_record/core.rb:173:in `each'
/usr/local/lib/ruby/gems/2.3.0/gems/activerecord-4.2.5/lib/active_record/core.rb:173:in `all?'
/usr/local/lib/ruby/gems/2.3.0/gems/activerecord-4.2.5/lib/active_record/core.rb:173:in `find_by'
/Users/Juxtaposeidon/Desktop/SFTourist/SFTourist/lib/tasks/update.rake:8:in `block (2 levels) in <top (required)>'
/Users/Juxtaposeidon/Desktop/SFTourist/SFTourist/lib/tasks/update.rake:7:in `each'
/Users/Juxtaposeidon/Desktop/SFTourist/SFTourist/lib/tasks/update.rake:7:in `block in <top (required)>'
Tasks: TOP => update
(See full trace by running task with --trace)
